This is pdfTeX, Version 3.141592653-2.6-1.40.25 (TeX Live 2023/Debian) (preloaded format=pdflatex 2025.10.21)  1 NOV 2025 19:54
entering extended mode
 restricted \write18 enabled.
 file:line:error style messages enabled.
 %&-line parsing enabled.
**/home/amd_raizen/latex_projects/templates/CV_template_2cols/French.tex
(/home/amd_raizen/latex_projects/templates/CV_template_2cols/French.tex
LaTeX2e <2023-11-01> patch level 1
L3 programming layer <2024-01-22>
(./altacv.cls
Document Class: altacv 2022/11/03 AltaCV v1.6.5, yet another alternative class for a resume/curriculum vitae.
(/usr/share/texlive/texmf-dist/tex/latex/extsizes/extarticle.cls
Document Class: extarticle 1996/10/08 v1.0 Non Standard LaTeX document class
(/usr/share/texlive/texmf-dist/tex/latex/base/size10.clo
File: size10.clo 2023/05/17 v1.4n Standard LaTeX file (size option)
) (/usr/share/texlive/texmf-dist/tex/latex/base/exscale.sty
Package: exscale 2018/09/24 v2.1i Standard LaTeX package exscale
LaTeX Font Info:    Redeclaring symbol font `largesymbols' on input line 57.
LaTeX Font Info:    Overwriting symbol font `largesymbols' in version `normal'
(Font)                  OMX/cmex/m/n --> OMX/cmex/m/n on input line 57.
LaTeX Font Info:    Overwriting symbol font `largesymbols' in version `bold'
(Font)                  OMX/cmex/m/n --> OMX/cmex/m/n on input line 57.
\big@size=\dimen140
)
\c@part=\count187
\c@section=\count188
\c@subsection=\count189
\c@subsubsection=\count190
\c@paragraph=\count191
\c@subparagraph=\count192
\c@figure=\count193
\c@table=\count194
\abovecaptionskip=\skip48
\belowcaptionskip=\skip49
\bibindent=\dimen141
) (/usr/share/texlive/texmf-dist/tex/latex/etoolbox/etoolbox.sty
Package: etoolbox 2020/10/05 v2.5k e-TeX tools for LaTeX (JAW)
\etb@tempcnta=\count195
) (/usr/share/texlive/texmf-dist/tex/latex/hyperref/hyperref.sty
Package: hyperref 2024-01-20 v7.01h Hypertext links for LaTeX
 (/usr/share/texlive/texmf-dist/tex/generic/iftex/iftex.sty
Package: iftex 2022/02/03 v1.0f TeX engine tests
) (/usr/share/texlive/texmf-dist/tex/latex/graphics/keyval.sty
Package: keyval 2022/05/29 v1.15 key=value parser (DPC)
\KV@toks@=\toks17
) (/usr/share/texlive/texmf-dist/tex/latex/kvsetkeys/kvsetkeys.sty
Package: kvsetkeys 2022-10-05 v1.19 Key value parser (HO)
) (/usr/share/texlive/texmf-dist/tex/generic/kvdefinekeys/kvdefinekeys.sty
Package: kvdefinekeys 2019-12-19 v1.6 Define keys (HO)
) (/usr/share/texlive/texmf-dist/tex/generic/pdfescape/pdfescape.sty
Package: pdfescape 2019/12/09 v1.15 Implements pdfTeX's escape features (HO)
 (/usr/share/texlive/texmf-dist/tex/generic/ltxcmds/ltxcmds.sty
Package: ltxcmds 2023-12-04 v1.26 LaTeX kernel commands for general use (HO)
) (/usr/share/texlive/texmf-dist/tex/generic/pdftexcmds/pdftexcmds.sty
Package: pdftexcmds 2020-06-27 v0.33 Utility functions of pdfTeX for LuaTeX (HO)
 (/usr/share/texlive/texmf-dist/tex/generic/infwarerr/infwarerr.sty
Package: infwarerr 2019/12/03 v1.5 Providing info/warning/error messages (HO)
)
Package pdftexcmds Info: \pdf@primitive is available.
Package pdftexcmds Info: \pdf@ifprimitive is available.
Package pdftexcmds Info: \pdfdraftmode found.
)) (/usr/share/texlive/texmf-dist/tex/latex/hycolor/hycolor.sty
Package: hycolor 2020-01-27 v1.10 Color options for hyperref/bookmark (HO)
) (/usr/share/texlive/texmf-dist/tex/latex/auxhook/auxhook.sty
Package: auxhook 2019-12-17 v1.6 Hooks for auxiliary files (HO)
) (/usr/share/texlive/texmf-dist/tex/latex/hyperref/nameref.sty
Package: nameref 2023-11-26 v2.56 Cross-referencing by name of section
 (/usr/share/texlive/texmf-dist/tex/latex/refcount/refcount.sty
Package: refcount 2019/12/15 v3.6 Data extraction from label references (HO)
) (/usr/share/texlive/texmf-dist/tex/generic/gettitlestring/gettitlestring.sty
Package: gettitlestring 2019/12/15 v1.6 Cleanup title references (HO)
 (/usr/share/texlive/texmf-dist/tex/latex/kvoptions/kvoptions.sty
Package: kvoptions 2022-06-15 v3.15 Key value format for package options (HO)
))
\c@section@level=\count196
)
\@linkdim=\dimen142
\Hy@linkcounter=\count197
\Hy@pagecounter=\count198
 (/usr/share/texlive/texmf-dist/tex/latex/hyperref/pd1enc.def
File: pd1enc.def 2024-01-20 v7.01h Hyperref: PDFDocEncoding definition (HO)
Now handling font encoding PD1 ...
... no UTF-8 mapping file for font encoding PD1
) (/usr/share/texlive/texmf-dist/tex/generic/intcalc/intcalc.sty
Package: intcalc 2019/12/15 v1.3 Expandable calculations with integers (HO)
)
\Hy@SavedSpaceFactor=\count199
 (/usr/share/texlive/texmf-dist/tex/latex/hyperref/puenc.def
File: puenc.def 2024-01-20 v7.01h Hyperref: PDF Unicode definition (HO)
Now handling font encoding PU ...
... no UTF-8 mapping file for font encoding PU
)
Package hyperref Info: Hyper figures OFF on input line 4179.
Package hyperref Info: Link nesting OFF on input line 4184.
Package hyperref Info: Hyper index ON on input line 4187.
Package hyperref Info: Plain pages OFF on input line 4194.
Package hyperref Info: Backreferencing OFF on input line 4199.
Package hyperref Info: Implicit mode ON; LaTeX internals redefined.
Package hyperref Info: Bookmarks ON on input line 4446.
\c@Hy@tempcnt=\count266
 (/usr/share/texlive/texmf-dist/tex/latex/url/url.sty
\Urlmuskip=\muskip16
Package: url 2013/09/16  ver 3.4  Verb mode for urls, etc.
)
LaTeX Info: Redefining \url on input line 4784.
\XeTeXLinkMargin=\dimen143
 (/usr/share/texlive/texmf-dist/tex/generic/bitset/bitset.sty
Package: bitset 2019/12/09 v1.3 Handle bit-vector datatype (HO)
 (/usr/share/texlive/texmf-dist/tex/generic/bigintcalc/bigintcalc.sty
Package: bigintcalc 2019/12/15 v1.5 Expandable calculations on big integers (HO)
))
\Fld@menulength=\count267
\Field@Width=\dimen144
\Fld@charsize=\dimen145
Package hyperref Info: Hyper figures OFF on input line 6063.
Package hyperref Info: Link nesting OFF on input line 6068.
Package hyperref Info: Hyper index ON on input line 6071.
Package hyperref Info: backreferencing OFF on input line 6078.
Package hyperref Info: Link coloring OFF on input line 6083.
Package hyperref Info: Link coloring with OCG OFF on input line 6088.
Package hyperref Info: PDF/A mode OFF on input line 6093.
 (/usr/share/texlive/texmf-dist/tex/latex/base/atbegshi-ltx.sty
Package: atbegshi-ltx 2021/01/10 v1.0c Emulation of the original atbegshi
package with kernel methods
)
\Hy@abspage=\count268
\c@Item=\count269
\c@Hfootnote=\count270
)
Package hyperref Info: Driver (autodetected): hpdftex.
 (/usr/share/texlive/texmf-dist/tex/latex/hyperref/hpdftex.def
File: hpdftex.def 2024-01-20 v7.01h Hyperref driver for pdfTeX
 (/usr/share/texlive/texmf-dist/tex/latex/base/atveryend-ltx.sty
Package: atveryend-ltx 2020/08/19 v1.0a Emulation of the original atveryend package
with kernel methods
)
\Fld@listcount=\count271
\c@bookmark@seq@number=\count272
 (/usr/share/texlive/texmf-dist/tex/latex/rerunfilecheck/rerunfilecheck.sty
Package: rerunfilecheck 2022-07-10 v1.10 Rerun checks for auxiliary files (HO)
 (/usr/share/texlive/texmf-dist/tex/generic/uniquecounter/uniquecounter.sty
Package: uniquecounter 2019/12/15 v1.4 Provide unlimited unique counter (HO)
)
Package uniquecounter Info: New unique counter `rerunfilecheck' on input line 285.
)
\Hy@SectionHShift=\skip50
) (/usr/share/texlive/texmf-dist/tex/latex/accsupp/accsupp.sty
Package: accsupp 2019/12/05 v0.6 Accessibility support by marked content (HO)
 (/usr/share/texlive/texmf-dist/tex/latex/accsupp/accsupp-pdftex.def
File: accsupp-pdftex.def 2019/12/05 v0.6 accsupp driver for pdfTeX (HO)
)) (/usr/share/texlive/texmf-dist/tex/latex/geometry/geometry.sty
Package: geometry 2020/01/02 v5.9 Page Geometry
 (/usr/share/texlive/texmf-dist/tex/generic/iftex/ifvtex.sty
Package: ifvtex 2019/10/25 v1.7 ifvtex legacy package. Use iftex instead.
)
\Gm@cnth=\count273
\Gm@cntv=\count274
\c@Gm@tempcnt=\count275
\Gm@bindingoffset=\dimen146
\Gm@wd@mp=\dimen147
\Gm@odd@mp=\dimen148
\Gm@even@mp=\dimen149
\Gm@layoutwidth=\dimen150
\Gm@layoutheight=\dimen151
\Gm@layouthoffset=\dimen152
\Gm@layoutvoffset=\dimen153
\Gm@dimlist=\toks18
) (/usr/share/texlive/texmf-dist/tex/latex/fontawesome5/fontawesome5.sty (/usr/share/texlive/texmf-dist/tex/latex/l3kernel/expl3.sty
Package: expl3 2024-01-22 L3 programming layer (loader) 
 (/usr/share/texlive/texmf-dist/tex/latex/l3backend/l3backend-pdftex.def
File: l3backend-pdftex.def 2024-01-04 L3 backend support: PDF output (pdfTeX)
\l__color_backend_stack_int=\count276
\l__pdf_internal_box=\box51
))
Package: fontawesome5 2022/05/02 v5.15.4 Font Awesome 5
 (/usr/share/texlive/texmf-dist/tex/latex/l3packages/l3keys2e/l3keys2e.sty
Package: l3keys2e 2023-10-10 LaTeX2e option processing using LaTeX3 keys
) (/usr/share/texlive/texmf-dist/tex/latex/l3packages/xparse/xparse.sty
Package: xparse 2023-10-10 L3 Experimental document command parser
) (/usr/share/texlive/texmf-dist/tex/latex/fontawesome5/fontawesome5-generic-helper.sty
Package: fontawesome5-generic-helper 2022/05/02 v5.15.4 non-uTeX helper for fontawesome5
 (/usr/share/texlive/texmf-dist/tex/latex/fontawesome5/fontawesome5-mapping.def))) (/usr/share/texlive/texmf-dist/tex/generic/iftex/ifxetex.sty
Package: ifxetex 2019/10/25 v0.7 ifxetex legacy package. Use iftex instead.
) (/usr/share/texlive/texmf-dist/tex/generic/iftex/ifluatex.sty
Package: ifluatex 2019/10/25 v1.5 ifluatex legacy package. Use iftex instead.
) (/usr/share/texlive/texmf-dist/tex/latex/koma-script/scrlfile.sty
Package: scrlfile 2023/07/07 v3.41 KOMA-Script package (file load hooks)
 (/usr/share/texlive/texmf-dist/tex/latex/koma-script/scrlfile-hook.sty
Package: scrlfile-hook 2023/07/07 v3.41 KOMA-Script package (using LaTeX hooks)
 (/usr/share/texlive/texmf-dist/tex/latex/koma-script/scrlogo.sty
Package: scrlogo 2023/07/07 v3.41 KOMA-Script package (logo)
))) (/usr/share/texlive/texmf-dist/tex/latex/markdown/markdown.sty (/usr/share/texlive/texmf-dist/tex/generic/markdown/markdown.tex
\markdownOptionFrozenCacheCounter=\count277
\markdownInputFileStream=\read2
\markdownOutputFileStream=\write3
Package markdown Info: Using mode 3: The lt3luabridge package on input line 2667.
 (/usr/share/texlive/texmf-dist/tex/generic/lt3luabridge/lt3luabridge.tex
\g_luabridge_method_int=\count278

Package luabridge Info: Using shell escape as the bridging method

))
Package: markdown 2023-04-27 v2.23.0-0-g0b22f91 markdown renderer
 (/usr/share/texlive/texmf-dist/tex/latex/paralist/paralist.sty
Package: paralist 2017/01/22 v2.7 Extended list environments
\pltopsep=\skip51
\plpartopsep=\skip52
\plitemsep=\skip53
\plparsep=\skip54
\pl@lab=\toks19
) (/usr/share/texlive/texmf-dist/tex/latex/amsmath/amsmath.sty
Package: amsmath 2023/05/13 v2.17o AMS math features
\@mathmargin=\skip55

For additional information on amsmath, use the `?' option.
(/usr/share/texlive/texmf-dist/tex/latex/amsmath/amstext.sty
Package: amstext 2021/08/26 v2.01 AMS text
 (/usr/share/texlive/texmf-dist/tex/latex/amsmath/amsgen.sty
File: amsgen.sty 1999/11/30 v2.0 generic functions
\@emptytoks=\toks20
\ex@=\dimen154
)) (/usr/share/texlive/texmf-dist/tex/latex/amsmath/amsbsy.sty
Package: amsbsy 1999/11/29 v1.2d Bold Symbols
\pmbraise@=\dimen155
) (/usr/share/texlive/texmf-dist/tex/latex/amsmath/amsopn.sty
Package: amsopn 2022/04/08 v2.04 operator names
)
\inf@bad=\count279
LaTeX Info: Redefining \frac on input line 234.
\uproot@=\count280
\leftroot@=\count281
LaTeX Info: Redefining \overline on input line 399.
LaTeX Info: Redefining \colon on input line 410.
\classnum@=\count282
\DOTSCASE@=\count283
LaTeX Info: Redefining \ldots on input line 496.
LaTeX Info: Redefining \dots on input line 499.
LaTeX Info: Redefining \cdots on input line 620.
\Mathstrutbox@=\box52
\strutbox@=\box53
LaTeX Info: Redefining \big on input line 722.
LaTeX Info: Redefining \Big on input line 723.
LaTeX Info: Redefining \bigg on input line 724.
LaTeX Info: Redefining \Bigg on input line 725.
\big@size=\dimen156
LaTeX Font Info:    Redeclaring font encoding OML on input line 743.
LaTeX Font Info:    Redeclaring font encoding OMS on input line 744.
\macc@depth=\count284
LaTeX Info: Redefining \bmod on input line 905.
LaTeX Info: Redefining \pmod on input line 910.
LaTeX Info: Redefining \smash on input line 940.
LaTeX Info: Redefining \relbar on input line 970.
LaTeX Info: Redefining \Relbar on input line 971.
\c@MaxMatrixCols=\count285
\dotsspace@=\muskip17
\c@parentequation=\count286
\dspbrk@lvl=\count287
\tag@help=\toks21
\row@=\count288
\column@=\count289
\maxfields@=\count290
\andhelp@=\toks22
\eqnshift@=\dimen157
\alignsep@=\dimen158
\tagshift@=\dimen159
\tagwidth@=\dimen160
\totwidth@=\dimen161
\lineht@=\dimen162
\@envbody=\toks23
\multlinegap=\skip56
\multlinetaggap=\skip57
\mathdisplay@stack=\toks24
LaTeX Info: Redefining \[ on input line 2953.
LaTeX Info: Redefining \] on input line 2954.
) (/usr/share/texlive/texmf-dist/tex/latex/amsfonts/amssymb.sty
Package: amssymb 2013/01/14 v3.01 AMS font symbols
 (/usr/share/texlive/texmf-dist/tex/latex/amsfonts/amsfonts.sty
Package: amsfonts 2013/01/14 v3.01 Basic AMSFonts support
\symAMSa=\mathgroup4
\symAMSb=\mathgroup5
LaTeX Font Info:    Redeclaring math symbol \hbar on input line 98.
LaTeX Font Info:    Overwriting math alphabet `\mathfrak' in version `bold'
(Font)                  U/euf/m/n --> U/euf/b/n on input line 106.
)) (/usr/share/texlive/texmf-dist/tex/latex/csvsimple/csvsimple.sty
Package: csvsimple 2024/01/19 v2.6.0 LaTeX CSV file processing
) (/usr/share/texlive/texmf-dist/tex/latex/csvsimple/csvsimple-legacy.sty
Package: csvsimple-legacy 2024/01/19 version 2.6.0 LaTeX2e CSV file processing
 (/usr/share/texlive/texmf-dist/tex/latex/pgf/utilities/pgfrcs.sty (/usr/share/texlive/texmf-dist/tex/generic/pgf/utilities/pgfutil-common.tex
\pgfutil@everybye=\toks25
\pgfutil@tempdima=\dimen163
\pgfutil@tempdimb=\dimen164
) (/usr/share/texlive/texmf-dist/tex/generic/pgf/utilities/pgfutil-latex.def
\pgfutil@abb=\box54
) (/usr/share/texlive/texmf-dist/tex/generic/pgf/utilities/pgfrcs.code.tex (/usr/share/texlive/texmf-dist/tex/generic/pgf/pgf.revision.tex)
Package: pgfrcs 2023-01-15 v3.1.10 (3.1.10)
)) (/usr/share/texlive/texmf-dist/tex/latex/pgf/utilities/pgfkeys.sty (/usr/share/texlive/texmf-dist/tex/generic/pgf/utilities/pgfkeys.code.tex
\pgfkeys@pathtoks=\toks26
\pgfkeys@temptoks=\toks27
 (/usr/share/texlive/texmf-dist/tex/generic/pgf/utilities/pgfkeyslibraryfiltered.code.tex
\pgfkeys@tmptoks=\toks28
))) (/usr/share/texlive/texmf-dist/tex/latex/base/ifthen.sty
Package: ifthen 2022/04/13 v1.1d Standard LaTeX ifthen package (DPC)
) (/usr/share/texlive/texmf-dist/tex/latex/tools/shellesc.sty
Package: shellesc 2023/07/08 v1.0d unified shell escape interface for LaTeX
Package shellesc Info: Restricted shell escape enabled on input line 77.
)
\csv@file=\read3
\c@csvinputline=\count291
\c@csvrow=\count292
\c@csvcol=\count293
\csv@out=\write4
) (/usr/share/texlive/texmf-dist/tex/latex/fancyvrb/fancyvrb.sty
Package: fancyvrb 2024/01/20 4.5c verbatim text (tvz,hv)
\FV@CodeLineNo=\count294
\FV@InFile=\read4
\FV@TabBox=\box55
\c@FancyVerbLine=\count295
\FV@StepNumber=\count296
\FV@OutFile=\write5
) (/usr/share/texlive/texmf-dist/tex/latex/graphics/graphicx.sty
Package: graphicx 2021/09/16 v1.2d Enhanced LaTeX Graphics (DPC,SPQR)
 (/usr/share/texlive/texmf-dist/tex/latex/graphics/graphics.sty
Package: graphics 2022/03/10 v1.4e Standard LaTeX Graphics (DPC,SPQR)
 (/usr/share/texlive/texmf-dist/tex/latex/graphics/trig.sty
Package: trig 2021/08/11 v1.11 sin cos tan (DPC)
) (/usr/share/texlive/texmf-dist/tex/latex/graphics-cfg/graphics.cfg
File: graphics.cfg 2016/06/04 v1.11 sample graphics configuration
)
Package graphics Info: Driver file: pdftex.def on input line 107.
 (/usr/share/texlive/texmf-dist/tex/latex/graphics-def/pdftex.def
File: pdftex.def 2022/09/22 v1.2b Graphics/color driver for pdftex
))
\Gin@req@height=\dimen165
\Gin@req@width=\dimen166
)
\markdownLaTeXCitationsCounter=\count297
 (/usr/share/texlive/texmf-dist/tex/generic/gobble/gobble.sty
Package: gobble 2019/01/04 v0.2 Provides more gobble macros
 (/usr/share/texlive/texmf-dist/tex/generic/gobble/gobble.tex))
\markdownLaTeXRowCounter=\count298
\markdownLaTeXRowTotal=\count299
\markdownLaTeXColumnCounter=\count300
\markdownLaTeXColumnTotal=\count301
\markdownLaTeXTable=\toks29
\markdownLaTeXTableAlignment=\toks30
\markdownLaTeXTableEnd=\toks31
) (/usr/share/texlive/texmf-dist/tex/latex/cmap/cmap.sty
Package: cmap 2021/02/06 v1.0j CMap support: searchable PDF
) (/usr/share/texlive/texmf-dist/tex/latex/base/inputenc.sty
Package: inputenc 2021/02/14 v1.3d Input encoding file
\inpenc@prehook=\toks32
\inpenc@posthook=\toks33
) (/usr/share/texlive/texmf-dist/tex/latex/base/fontenc.sty
Package: fontenc 2021/04/29 v2.0v Standard LaTeX package
<<t1.cmap>>) (/usr/share/texlive/texmf-dist/tex/generic/pdftex/glyphtounicode.tex) (/usr/share/texlive/texmf-dist/tex/latex/ragged2e/ragged2e.sty
Package: ragged2e 2023/06/22 v3.6 ragged2e Package
\CenteringLeftskip=\skip58
\RaggedLeftLeftskip=\skip59
\RaggedRightLeftskip=\skip60
\CenteringRightskip=\skip61
\RaggedLeftRightskip=\skip62
\RaggedRightRightskip=\skip63
\CenteringParfillskip=\skip64
\RaggedLeftParfillskip=\skip65
\RaggedRightParfillskip=\skip66
\JustifyingParfillskip=\skip67
\CenteringParindent=\skip68
\RaggedLeftParindent=\skip69
\RaggedRightParindent=\skip70
\JustifyingParindent=\skip71
) (/usr/share/texlive/texmf-dist/tex/latex/xcolor/xcolor.sty
Package: xcolor 2023/11/15 v3.01 LaTeX color extensions (UK)
 (/usr/share/texlive/texmf-dist/tex/latex/graphics-cfg/color.cfg
File: color.cfg 2016/01/02 v1.6 sample color configuration
)
Package xcolor Info: Driver file: pdftex.def on input line 274.
 (/usr/share/texlive/texmf-dist/tex/latex/graphics/mathcolor.ltx)
Package xcolor Info: Model `cmy' substituted by `cmy0' on input line 1350.
Package xcolor Info: Model `hsb' substituted by `rgb' on input line 1354.
Package xcolor Info: Model `RGB' extended on input line 1366.
Package xcolor Info: Model `HTML' substituted by `rgb' on input line 1368.
Package xcolor Info: Model `Hsb' substituted by `hsb' on input line 1369.
Package xcolor Info: Model `tHsb' substituted by `hsb' on input line 1370.
Package xcolor Info: Model `HSB' substituted by `hsb' on input line 1371.
Package xcolor Info: Model `Gray' substituted by `gray' on input line 1372.
Package xcolor Info: Model `wave' substituted by `hsb' on input line 1373.
) (/usr/share/texlive/texmf-dist/tex/latex/graphics/dvipsnam.def
File: dvipsnam.def 2016/06/17 v3.0m Driver-dependent file (DPC,SPQR)
) (/usr/share/texlive/texmf-dist/tex/latex/pgf/frontendlayer/tikz.sty (/usr/share/texlive/texmf-dist/tex/latex/pgf/basiclayer/pgf.sty
Package: pgf 2023-01-15 v3.1.10 (3.1.10)
 (/usr/share/texlive/texmf-dist/tex/latex/pgf/basiclayer/pgfcore.sty (/usr/share/texlive/texmf-dist/tex/latex/pgf/systemlayer/pgfsys.sty (/usr/share/texlive/texmf-dist/tex/generic/pgf/systemlayer/pgfsys.code.tex
Package: pgfsys 2023-01-15 v3.1.10 (3.1.10)
\pgf@x=\dimen167
\pgf@y=\dimen168
\pgf@xa=\dimen169
\pgf@ya=\dimen170
\pgf@xb=\dimen171
\pgf@yb=\dimen172
\pgf@xc=\dimen173
\pgf@yc=\dimen174
\pgf@xd=\dimen175
\pgf@yd=\dimen176
\w@pgf@writea=\write6
\r@pgf@reada=\read5
\c@pgf@counta=\count302
\c@pgf@countb=\count303
\c@pgf@countc=\count304
\c@pgf@countd=\count305
\t@pgf@toka=\toks34
\t@pgf@tokb=\toks35
\t@pgf@tokc=\toks36
\pgf@sys@id@count=\count306
 (/usr/share/texlive/texmf-dist/tex/generic/pgf/systemlayer/pgf.cfg
File: pgf.cfg 2023-01-15 v3.1.10 (3.1.10)
)
Driver file for pgf: pgfsys-pdftex.def
 (/usr/share/texlive/texmf-dist/tex/generic/pgf/systemlayer/pgfsys-pdftex.def
File: pgfsys-pdftex.def 2023-01-15 v3.1.10 (3.1.10)
 (/usr/share/texlive/texmf-dist/tex/generic/pgf/systemlayer/pgfsys-common-pdf.def
File: pgfsys-common-pdf.def 2023-01-15 v3.1.10 (3.1.10)
))) (/usr/share/texlive/texmf-dist/tex/generic/pgf/systemlayer/pgfsyssoftpath.code.tex
File: pgfsyssoftpath.code.tex 2023-01-15 v3.1.10 (3.1.10)
\pgfsyssoftpath@smallbuffer@items=\count307
\pgfsyssoftpath@bigbuffer@items=\count308
) (/usr/share/texlive/texmf-dist/tex/generic/pgf/systemlayer/pgfsysprotocol.code.tex
File: pgfsysprotocol.code.tex 2023-01-15 v3.1.10 (3.1.10)
)) (/usr/share/texlive/texmf-dist/tex/generic/pgf/basiclayer/pgfcore.code.tex
Package: pgfcore 2023-01-15 v3.1.10 (3.1.10)
 (/usr/share/texlive/texmf-dist/tex/generic/pgf/math/pgfmath.code.tex (/usr/share/texlive/texmf-dist/tex/generic/pgf/math/pgfmathutil.code.tex) (/usr/share/texlive/texmf-dist/tex/generic/pgf/math/pgfmathparser.code.tex
\pgfmath@dimen=\dimen177
\pgfmath@count=\count309
\pgfmath@box=\box56
\pgfmath@toks=\toks37
\pgfmath@stack@operand=\toks38
\pgfmath@stack@operation=\toks39
) (/usr/share/texlive/texmf-dist/tex/generic/pgf/math/pgfmathfunctions.code.tex) (/usr/share/texlive/texmf-dist/tex/generic/pgf/math/pgfmathfunctions.basic.code.tex) (/usr/share/texlive/texmf-dist/tex/generic/pgf/math/pgfmathfunctions.trigonometric.code.tex) (/usr/share/texlive/texmf-dist/tex/generic/pgf/math/pgfmathfunctions.random.code.tex) (/usr/share/texlive/texmf-dist/tex/generic/pgf/math/pgfmathfunctions.comparison.code.tex) (/usr/share/texlive/texmf-dist/tex/generic/pgf/math/pgfmathfunctions.base.code.tex) (/usr/share/texlive/texmf-dist/tex/generic/pgf/math/pgfmathfunctions.round.code.tex) (/usr/share/texlive/texmf-dist/tex/generic/pgf/math/pgfmathfunctions.misc.code.tex) (/usr/share/texlive/texmf-dist/tex/generic/pgf/math/pgfmathfunctions.integerarithmetics.code.tex) (/usr/share/texlive/texmf-dist/tex/generic/pgf/math/pgfmathcalc.code.tex) (/usr/share/texlive/texmf-dist/tex/generic/pgf/math/pgfmathfloat.code.tex
\c@pgfmathroundto@lastzeros=\count310
)) (/usr/share/texlive/texmf-dist/tex/generic/pgf/math/pgfint.code.tex) (/usr/share/texlive/texmf-dist/tex/generic/pgf/basiclayer/pgfcorepoints.code.tex
File: pgfcorepoints.code.tex 2023-01-15 v3.1.10 (3.1.10)
\pgf@picminx=\dimen178
\pgf@picmaxx=\dimen179
\pgf@picminy=\dimen180
\pgf@picmaxy=\dimen181
\pgf@pathminx=\dimen182
\pgf@pathmaxx=\dimen183
\pgf@pathminy=\dimen184
\pgf@pathmaxy=\dimen185
\pgf@xx=\dimen186
\pgf@xy=\dimen187
\pgf@yx=\dimen188
\pgf@yy=\dimen189
\pgf@zx=\dimen190
\pgf@zy=\dimen191
) (/usr/share/texlive/texmf-dist/tex/generic/pgf/basiclayer/pgfcorepathconstruct.code.tex
File: pgfcorepathconstruct.code.tex 2023-01-15 v3.1.10 (3.1.10)
\pgf@path@lastx=\dimen192
\pgf@path@lasty=\dimen193
) (/usr/share/texlive/texmf-dist/tex/generic/pgf/basiclayer/pgfcorepathusage.code.tex
File: pgfcorepathusage.code.tex 2023-01-15 v3.1.10 (3.1.10)
\pgf@shorten@end@additional=\dimen194
\pgf@shorten@start@additional=\dimen195
) (/usr/share/texlive/texmf-dist/tex/generic/pgf/basiclayer/pgfcorescopes.code.tex
File: pgfcorescopes.code.tex 2023-01-15 v3.1.10 (3.1.10)
\pgfpic=\box57
\pgf@hbox=\box58
\pgf@layerbox@main=\box59
\pgf@picture@serial@count=\count311
) (/usr/share/texlive/texmf-dist/tex/generic/pgf/basiclayer/pgfcoregraphicstate.code.tex
File: pgfcoregraphicstate.code.tex 2023-01-15 v3.1.10 (3.1.10)
\pgflinewidth=\dimen196
) (/usr/share/texlive/texmf-dist/tex/generic/pgf/basiclayer/pgfcoretransformations.code.tex
File: pgfcoretransformations.code.tex 2023-01-15 v3.1.10 (3.1.10)
\pgf@pt@x=\dimen197
\pgf@pt@y=\dimen198
\pgf@pt@temp=\dimen199
) (/usr/share/texlive/texmf-dist/tex/generic/pgf/basiclayer/pgfcorequick.code.tex
File: pgfcorequick.code.tex 2023-01-15 v3.1.10 (3.1.10)
) (/usr/share/texlive/texmf-dist/tex/generic/pgf/basiclayer/pgfcoreobjects.code.tex
File: pgfcoreobjects.code.tex 2023-01-15 v3.1.10 (3.1.10)
) (/usr/share/texlive/texmf-dist/tex/generic/pgf/basiclayer/pgfcorepathprocessing.code.tex
File: pgfcorepathprocessing.code.tex 2023-01-15 v3.1.10 (3.1.10)
) (/usr/share/texlive/texmf-dist/tex/generic/pgf/basiclayer/pgfcorearrows.code.tex
File: pgfcorearrows.code.tex 2023-01-15 v3.1.10 (3.1.10)
\pgfarrowsep=\dimen256
) (/usr/share/texlive/texmf-dist/tex/generic/pgf/basiclayer/pgfcoreshade.code.tex
File: pgfcoreshade.code.tex 2023-01-15 v3.1.10 (3.1.10)
\pgf@max=\dimen257
\pgf@sys@shading@range@num=\count312
\pgf@shadingcount=\count313
) (/usr/share/texlive/texmf-dist/tex/generic/pgf/basiclayer/pgfcoreimage.code.tex
File: pgfcoreimage.code.tex 2023-01-15 v3.1.10 (3.1.10)
) (/usr/share/texlive/texmf-dist/tex/generic/pgf/basiclayer/pgfcoreexternal.code.tex
File: pgfcoreexternal.code.tex 2023-01-15 v3.1.10 (3.1.10)
\pgfexternal@startupbox=\box60
) (/usr/share/texlive/texmf-dist/tex/generic/pgf/basiclayer/pgfcorelayers.code.tex
File: pgfcorelayers.code.tex 2023-01-15 v3.1.10 (3.1.10)
) (/usr/share/texlive/texmf-dist/tex/generic/pgf/basiclayer/pgfcoretransparency.code.tex
File: pgfcoretransparency.code.tex 2023-01-15 v3.1.10 (3.1.10)
) (/usr/share/texlive/texmf-dist/tex/generic/pgf/basiclayer/pgfcorepatterns.code.tex
File: pgfcorepatterns.code.tex 2023-01-15 v3.1.10 (3.1.10)
) (/usr/share/texlive/texmf-dist/tex/generic/pgf/basiclayer/pgfcorerdf.code.tex
File: pgfcorerdf.code.tex 2023-01-15 v3.1.10 (3.1.10)
))) (/usr/share/texlive/texmf-dist/tex/generic/pgf/modules/pgfmoduleshapes.code.tex
File: pgfmoduleshapes.code.tex 2023-01-15 v3.1.10 (3.1.10)
\pgfnodeparttextbox=\box61
) (/usr/share/texlive/texmf-dist/tex/generic/pgf/modules/pgfmoduleplot.code.tex
File: pgfmoduleplot.code.tex 2023-01-15 v3.1.10 (3.1.10)
) (/usr/share/texlive/texmf-dist/tex/latex/pgf/compatibility/pgfcomp-version-0-65.sty
Package: pgfcomp-version-0-65 2023-01-15 v3.1.10 (3.1.10)
\pgf@nodesepstart=\dimen258
\pgf@nodesepend=\dimen259
) (/usr/share/texlive/texmf-dist/tex/latex/pgf/compatibility/pgfcomp-version-1-18.sty
Package: pgfcomp-version-1-18 2023-01-15 v3.1.10 (3.1.10)
)) (/usr/share/texlive/texmf-dist/tex/latex/pgf/utilities/pgffor.sty (/usr/share/texlive/texmf-dist/tex/latex/pgf/math/pgfmath.sty (/usr/share/texlive/texmf-dist/tex/generic/pgf/math/pgfmath.code.tex)) (/usr/share/texlive/texmf-dist/tex/generic/pgf/utilities/pgffor.code.tex
Package: pgffor 2023-01-15 v3.1.10 (3.1.10)
\pgffor@iter=\dimen260
\pgffor@skip=\dimen261
\pgffor@stack=\toks40
\pgffor@toks=\toks41
)) (/usr/share/texlive/texmf-dist/tex/generic/pgf/frontendlayer/tikz/tikz.code.tex
Package: tikz 2023-01-15 v3.1.10 (3.1.10)
 (/usr/share/texlive/texmf-dist/tex/generic/pgf/libraries/pgflibraryplothandlers.code.tex
File: pgflibraryplothandlers.code.tex 2023-01-15 v3.1.10 (3.1.10)
\pgf@plot@mark@count=\count314
\pgfplotmarksize=\dimen262
)
\tikz@lastx=\dimen263
\tikz@lasty=\dimen264
\tikz@lastxsaved=\dimen265
\tikz@lastysaved=\dimen266
\tikz@lastmovetox=\dimen267
\tikz@lastmovetoy=\dimen268
\tikzleveldistance=\dimen269
\tikzsiblingdistance=\dimen270
\tikz@figbox=\box62
\tikz@figbox@bg=\box63
\tikz@tempbox=\box64
\tikz@tempbox@bg=\box65
\tikztreelevel=\count315
\tikznumberofchildren=\count316
\tikznumberofcurrentchild=\count317
\tikz@fig@count=\count318
 (/usr/share/texlive/texmf-dist/tex/generic/pgf/modules/pgfmodulematrix.code.tex
File: pgfmodulematrix.code.tex 2023-01-15 v3.1.10 (3.1.10)
\pgfmatrixcurrentrow=\count319
\pgfmatrixcurrentcolumn=\count320
\pgf@matrix@numberofcolumns=\count321
)
\tikz@expandcount=\count322
 (/usr/share/texlive/texmf-dist/tex/generic/pgf/frontendlayer/tikz/libraries/tikzlibrarytopaths.code.tex
File: tikzlibrarytopaths.code.tex 2023-01-15 v3.1.10 (3.1.10)
))) (/usr/share/texlive/texmf-dist/tex/generic/pgf/frontendlayer/tikz/libraries/tikzlibraryarrows.code.tex
File: tikzlibraryarrows.code.tex 2023-01-15 v3.1.10 (3.1.10)
 (/usr/share/texlive/texmf-dist/tex/generic/pgf/libraries/pgflibraryarrows.code.tex
File: pgflibraryarrows.code.tex 2023-01-15 v3.1.10 (3.1.10)
\arrowsize=\dimen271
)) (/usr/share/texlive/texmf-dist/tex/latex/tcolorbox/tcolorbox.sty
Package: tcolorbox 2024/01/10 version 6.2.0 text color boxes
 (/usr/share/texlive/texmf-dist/tex/latex/tools/verbatim.sty
Package: verbatim 2023-11-06 v1.5v LaTeX2e package for verbatim enhancements
\every@verbatim=\toks42
\verbatim@line=\toks43
\verbatim@in@stream=\read6
) (/usr/share/texlive/texmf-dist/tex/latex/environ/environ.sty
Package: environ 2014/05/04 v0.3 A new way to define environments
 (/usr/share/texlive/texmf-dist/tex/latex/trimspaces/trimspaces.sty
Package: trimspaces 2009/09/17 v1.1 Trim spaces around a token list
))
\tcb@titlebox=\box66
\tcb@upperbox=\box67
\tcb@lowerbox=\box68
\tcb@phantombox=\box69
\c@tcbbreakpart=\count323
\c@tcblayer=\count324
\c@tcolorbox@number=\count325
\l__tcobox_tmpa_box=\box70
\l__tcobox_tmpa_dim=\dimen272
\tcb@temp=\box71
\tcb@temp=\box72
\tcb@temp=\box73
\tcb@temp=\box74
 (/usr/share/texlive/texmf-dist/tex/latex/tcolorbox/tcbskins.code.tex
Library (tcolorbox): 'tcbskins.code.tex' version '6.2.0'
(/usr/share/texlive/texmf-dist/tex/latex/tikzfill/tikzfill.image.sty
Package: tikzfill.image 2023/08/08 v1.0.1 Image filling library for TikZ
 (/usr/share/texlive/texmf-dist/tex/latex/tikzfill/tikzfill-common.sty
Package: tikzfill-common 2023/08/08 v1.0.1 Auxiliary code for tikzfill
) (/usr/share/texlive/texmf-dist/tex/latex/tikzfill/tikzlibraryfill.image.code.tex
File: tikzlibraryfill.image.code.tex 2023/08/08 v1.0.1 Image filling library
\l__tikzfill_img_box=\box75
)) (/usr/share/texlive/texmf-dist/tex/latex/tcolorbox/tcbskinsjigsaw.code.tex
Library (tcolorbox): 'tcbskinsjigsaw.code.tex' version '6.2.0'
))) (/usr/share/texlive/texmf-dist/tex/latex/enumitem/enumitem.sty
Package: enumitem 2019/06/20 v3.9 Customized lists
\labelindent=\skip72
\enit@outerparindent=\dimen273
\enit@toks=\toks44
\enit@inbox=\box76
\enit@count@id=\count326
\enitdp@description=\count327
) (/usr/share/texlive/texmf-dist/tex/latex/adjustbox/trimclip.sty
Package: trimclip 2020/08/19 v1.2 Trim and clip general TeX material
 (/usr/share/texlive/texmf-dist/tex/latex/collectbox/collectbox.sty
Package: collectbox 2022/10/17 v0.4c Collect macro arguments as boxes
\collectedbox=\box77
) (/usr/share/texlive/texmf-dist/tex/latex/adjustbox/adjcalc.sty
Package: adjcalc 2012/05/16 v1.1 Provides advanced setlength with multiple back-ends (calc, etex, pgfmath)
 (/usr/share/texlive/texmf-dist/tex/latex/xkeyval/xkeyval.sty
Package: xkeyval 2022/06/16 v2.9 package option processing (HA)
 (/usr/share/texlive/texmf-dist/tex/generic/xkeyval/xkeyval.tex (/usr/share/texlive/texmf-dist/tex/generic/xkeyval/xkvutils.tex
\XKV@toks=\toks45
\XKV@tempa@toks=\toks46
)
\XKV@depth=\count328
File: xkeyval.tex 2014/12/03 v2.7a key=value parser (HA)
)))
\tc@llx=\dimen274
\tc@lly=\dimen275
\tc@urx=\dimen276
\tc@ury=\dimen277
Package trimclip Info: Using driver 'tc-pdftex.def'.
 (/usr/share/texlive/texmf-dist/tex/latex/adjustbox/tc-pdftex.def
File: tc-pdftex.def 2019/01/04 v2.2 Clipping driver for pdftex
)) (/usr/share/texlive/texmf-dist/tex/latex/dashrule/dashrule.sty
Package: dashrule 2013/03/28 v1.3 Dashed rules
 (/usr/share/texlive/texmf-dist/tex/latex/ifmtarg/ifmtarg.sty
Package: ifmtarg 2018/04/16 v1.2b check for an empty argument
)
\c@hdr@segments=\count329
) (/usr/share/texlive/texmf-dist/tex/latex/multirow/multirow.sty
Package: multirow 2021/03/15 v2.8 Span multiple rows of a table
\multirow@colwidth=\skip73
\multirow@cntb=\count330
\multirow@dima=\skip74
\bigstrutjot=\dimen278
) (/usr/share/texlive/texmf-dist/tex/latex/tools/tabularx.sty
Package: tabularx 2023/07/08 v2.11c `tabularx' package (DPC)
 (/usr/share/texlive/texmf-dist/tex/latex/tools/array.sty
Package: array 2023/10/16 v2.5g Tabular extension package (FMi)
\col@sep=\dimen279
\ar@mcellbox=\box78
\extrarowheight=\dimen280
\NC@list=\toks47
\extratabsurround=\skip75
\backup@length=\skip76
\ar@cellbox=\box79
)
\TX@col@width=\dimen281
\TX@old@table=\dimen282
\TX@old@col=\dimen283
\TX@target=\dimen284
\TX@delta=\dimen285
\TX@cols=\count331
\TX@ftn=\toks48
) (/usr/share/texlive/texmf-dist/tex/latex/changepage/changepage.sty
Package: changepage 2009/10/20 v1.0c check page and change page layout
\c@cp@cntr=\count332
\cp@tempcnt=\count333
)
\altacv@photos@width=\skip77
\altacv@photo@diam@left=\skip78
\altacv@photo@diam@right=\skip79
 (/usr/share/texlive/texmf-dist/tex/latex/tools/afterpage.sty
Package: afterpage 2023/07/04 v1.08 After-Page Package (DPC)
\AP@output=\toks49
\AP@partial=\box80
\AP@footins=\box81
)) (/usr/share/texlive/texmf-dist/tex/latex/skak/skak.sty
Package: skak 2018/01/08 v1.5.3 Chess typesetting
 (/usr/share/texlive/texmf-dist/tex/latex/chessfss/chessfss.sty
Package: chessfss 2006/06/14 v1.2a chess font selection scheme
 (/usr/share/texlive/texmf-dist/tex/latex/chessfss/lsbenc.def
File: lsbenc.def 2006/06/09 v1.2 Standard LaTeX file
Now handling font encoding LSB ...
... no UTF-8 mapping file for font encoding LSB
) (/usr/share/texlive/texmf-dist/tex/latex/chessfss/lsfenc.def
File: lsfenc.def 2006/06/09 v1.2 Standard LaTeX file
Now handling font encoding LSF ...
... no UTF-8 mapping file for font encoding LSF
) (/usr/share/texlive/texmf-dist/tex/latex/chessfss/lsienc.def
File: lsienc.def 2006/06/09 v1.2 Standard LaTeX file
Now handling font encoding LSI ...
... no UTF-8 mapping file for font encoding LSI
)
\len@cfss@squarewidth=\skip80
\len@cfss@squaretotalheight=\skip81
\len@cfss@squaredepth=\skip82


Package chessfss Warning: \comment already defined 
(chessfss)                I will not overwrite it on input line 590.

) (/usr/share/texlive/texmf-dist/tex/plain/lambda-lists/lambda.sty) (/usr/share/texlive/texmf-dist/tex/latex/tools/calc.sty
Package: calc 2023/07/08 v4.3 Infix arithmetic (KKT,FJ)
\calc@Acount=\count334
\calc@Bcount=\count335
\calc@Adimen=\dimen286
\calc@Bdimen=\dimen287
\calc@Askip=\skip83
\calc@Bskip=\skip84
LaTeX Info: Redefining \setlength on input line 80.
LaTeX Info: Redefining \addtolength on input line 81.
\calc@Ccount=\count336
\calc@Cskip=\skip85
) (/usr/share/texlive/texmf-dist/tex/latex/base/textcomp.sty
Package: textcomp 2020/02/02 v2.0n Standard LaTeX package
)
\c@fileFrom=\count337
\c@rankFrom=\count338
\c@fileTo=\count339
\c@rankTo=\count340
\c@ps@inverse=\count341
\c@ps@knightangle=\count342
\c@halfmove=\count343
\c@move=\count344
\c@helpgobble=\count345
\c@helpnumber=\count346
\c@helpnumberMove=\count347
\squarelength=\skip86
\square@multiplier=\count348
\ranklift=\skip87
LaTeX Font Info:    Trying to load font information for LSB+skaknew on input line 1774.
 (/usr/share/texlive/texmf-dist/tex/latex/chessfss/lsbskaknew.fd
File: lsbskaknew.fd 2006/03/31 v1.0 Chess font definitions
)
LaTeX Font Info:    Trying to load font information for T1+cmss on input line 1774.
 (/usr/share/texlive/texmf-dist/tex/latex/base/t1cmss.fd
File: t1cmss.fd 2023/04/13 v2.5m Standard LaTeX font definitions
)

LaTeX Font Warning: Font shape `T1/cmss/m/up' undefined
(Font)              using `T1/cmss/m/n' instead on input line 1774.

\store@toks=\toks50
) (/usr/share/texlive/texmf-dist/tex/latex/paracol/paracol.sty
Package: paracol 2018/12/31 v1.35 
\pcol@currcol=\count349
\pcol@nextcol=\count350
\pcol@ncol=\count351
\pcol@ncolleft=\count352
\pcol@page=\count353
\pcol@basepage=\count354
\pcol@toppage=\count355
\pcol@footnotebase=\count356
\pcol@nfootnotes=\count357
\pcol@mcid=\count358
\pcol@prevdepth=\dimen288
\pcol@colht=\dimen289
\pcol@textfloatsep=\dimen290
\pcol@lrmargin=\dimen291
\pagerim=\dimen292
\pcol@topskip=\skip88
\belowfootnoteskip=\skip89
\pcol@topfnotes=\box82
\pcol@prespan=\box83
\pcol@rightpage=\box84
\pcol@colorstack@saved=\box85
\pcol@tempboxa=\box86
\pcol@tempboxb=\box87
\pcol@colorins=\insert252
\pcol@everyvbox=\toks51
) (/usr/share/texlive/texmf-dist/tex/latex/roboto/roboto.sty
Package: roboto 2022/09/10 (Bob Tennent) Supports Roboto fonts for all LaTeX engines.
 (/usr/share/texlive/texmf-dist/tex/latex/base/fontenc.sty
Package: fontenc 2021/04/29 v2.0v Standard LaTeX package
) (/usr/share/texlive/texmf-dist/tex/latex/fontaxes/fontaxes.sty
Package: fontaxes 2020/07/21 v1.0e Font selection axes
LaTeX Info: Redefining \upshape on input line 29.
LaTeX Info: Redefining \itshape on input line 31.
LaTeX Info: Redefining \slshape on input line 33.
LaTeX Info: Redefining \swshape on input line 35.
LaTeX Info: Redefining \scshape on input line 37.
LaTeX Info: Redefining \sscshape on input line 39.
LaTeX Info: Redefining \ulcshape on input line 41.
LaTeX Info: Redefining \textsw on input line 47.
LaTeX Info: Redefining \textssc on input line 48.
LaTeX Info: Redefining \textulc on input line 49.
)) (/usr/share/texlive/texmf-dist/tex/latex/lato/lato.sty
Package: lato 2019/06/20 Style file for Lato.
)
LaTeX Font Info:    Trying to load font information for T1+lato-TLF on input line 55.
 (/usr/share/texlive/texmf-dist/tex/latex/lato/T1lato-TLF.fd
File: T1lato-TLF.fd 2019/06/24 Font definitions for T1/lato-TLF.
)
LaTeX Font Info:    Font shape `T1/lato-TLF/m/n' will be
(Font)              scaled to size 10.0pt on input line 55.
 (./French.aux)
\openout1 = `French.aux'.

LaTeX Font Info:    Checking defaults for OML/cmm/m/it on input line 55.
LaTeX Font Info:    ... okay on input line 55.
LaTeX Font Info:    Checking defaults for OMS/cmsy/m/n on input line 55.
LaTeX Font Info:    ... okay on input line 55.
LaTeX Font Info:    Checking defaults for OT1/cmr/m/n on input line 55.
LaTeX Font Info:    ... okay on input line 55.
LaTeX Font Info:    Checking defaults for T1/cmr/m/n on input line 55.
LaTeX Font Info:    ... okay on input line 55.
LaTeX Font Info:    Checking defaults for TS1/cmr/m/n on input line 55.
LaTeX Font Info:    ... okay on input line 55.
LaTeX Font Info:    Checking defaults for OMX/cmex/m/n on input line 55.
LaTeX Font Info:    ... okay on input line 55.
LaTeX Font Info:    Checking defaults for U/cmr/m/n on input line 55.
LaTeX Font Info:    ... okay on input line 55.
LaTeX Font Info:    Checking defaults for PD1/pdf/m/n on input line 55.
LaTeX Font Info:    ... okay on input line 55.
LaTeX Font Info:    Checking defaults for PU/pdf/m/n on input line 55.
LaTeX Font Info:    ... okay on input line 55.
LaTeX Font Info:    Checking defaults for LSB/skaknew/m/n on input line 55.
LaTeX Font Info:    ... okay on input line 55.
LaTeX Font Info:    Checking defaults for LSF/skaknew/m/n on input line 55.
LaTeX Font Info:    Trying to load font information for LSF+skaknew on input line 55.
 (/usr/share/texlive/texmf-dist/tex/latex/chessfss/lsfskaknew.fd
File: lsfskaknew.fd 2006/03/31 v1.0 Chess font definitions
)
LaTeX Font Info:    ... okay on input line 55.
LaTeX Font Info:    Checking defaults for LSI/skaknew/m/n on input line 55.
LaTeX Font Info:    Trying to load font information for LSI+skaknew on input line 55.
 (/usr/share/texlive/texmf-dist/tex/latex/chessfss/lsiskaknew.fd
File: lsiskaknew.fd 2006/03/31 v1.0 Chess font definitions
)
LaTeX Font Info:    ... okay on input line 55.
Package hyperref Info: Link coloring OFF on input line 55.
 (./French.out) (./French.out)
\@outlinefile=\write7
\openout7 = `French.out'.


*geometry* driver: auto-detecting
*geometry* detected driver: pdftex
*geometry* verbose mode - [ preamble ] result:
* driver: pdftex
* paper: a4paper
* layout: <same size as paper>
* layoutoffset:(h,v)=(0.0pt,0.0pt)
* modes: 
* h-part:(L,W,R)=(8.5359pt, 580.43607pt, 8.5359pt)
* v-part:(T,H,B)=(17.07182pt, 810.9032pt, 17.07182pt)
* \paperwidth=597.50787pt
* \paperheight=845.04684pt
* \textwidth=580.43607pt
* \textheight=810.9032pt
* \oddsidemargin=-63.73409pt
* \evensidemargin=-63.73409pt
* \topmargin=-92.19817pt
* \headheight=12.0pt
* \headsep=25.0pt
* \topskip=10.0pt
* \footskip=30.0pt
* \marginparwidth=57.0pt
* \marginparsep=11.0pt
* \columnsep=21.33955pt
* \skip\footins=9.0pt plus 4.0pt minus 2.0pt
* \hoffset=0.0pt
* \voffset=0.0pt
* \mag=1000
* \@twocolumnfalse
* \@twosidefalse
* \@mparswitchfalse
* \@reversemarginfalse
* (1in=72.27pt=25.4mm, 1cm=28.453pt)

(/usr/share/texlive/texmf-dist/tex/context/base/mkii/supp-pdf.mkii
[Loading MPS to PDF converter (version 2006.09.02).]
\scratchcounter=\count359
\scratchdimen=\dimen293
\scratchbox=\box88
\nofMPsegments=\count360
\nofMParguments=\count361
\everyMPshowfont=\toks52
\MPscratchCnt=\count362
\MPscratchDim=\dimen294
\MPnumerator=\count363
\makeMPintoPDFobject=\count364
\everyMPtoPDFconversion=\toks53
) (/usr/share/texlive/texmf-dist/tex/latex/epstopdf-pkg/epstopdf-base.sty
Package: epstopdf-base 2020-01-24 v2.11 Base part for package epstopdf
Package epstopdf-base Info: Redefining graphics rule for `.eps' on input line 485.
 (/usr/share/texlive/texmf-dist/tex/latex/latexconfig/epstopdf-sys.cfg
File: epstopdf-sys.cfg 2010/07/13 v1.3 Configuration of (r)epstopdf for TeX Live
))
\c@mv@tabular=\count365
\c@mv@boldtabular=\count366
<anonymous.png, id=8, 475.7775pt x 475.7775pt>
File: anonymous.png Graphic file (type png)
<use anonymous.png>
Package pdftex.def Info: anonymous.png  used on input line 67.
(pdftex.def)             Requested size: 475.77632pt x 475.77632pt.

Overfull \hbox (1.59999pt too wide) in paragraph at lines 67--67
[][] 
 []

<<ot1.cmap>><<oml.cmap>><<oms.cmap>><<omx.cmap>>
LaTeX Font Info:    Trying to load font information for U+msa on input line 67.
 (/usr/share/texlive/texmf-dist/tex/latex/amsfonts/umsa.fd
File: umsa.fd 2013/01/14 v3.01 AMS symbols A
)
LaTeX Font Info:    Trying to load font information for U+msb on input line 67.
 (/usr/share/texlive/texmf-dist/tex/latex/amsfonts/umsb.fd
File: umsb.fd 2013/01/14 v3.01 AMS symbols B
)
LaTeX Font Info:    Font shape `T1/lato-TLF/m/n' will be
(Font)              scaled to size 24.88pt on input line 67.
LaTeX Font Info:    Trying to load font information for T1+RobotoSlab-TLF on input line 67.
 (/usr/share/texlive/texmf-dist/tex/latex/roboto/T1RobotoSlab-TLF.fd
File: T1RobotoSlab-TLF.fd 2019/12/11 (autoinst) Font definitions for T1/RobotoSlab-TLF.
)
LaTeX Font Info:    Font shape `T1/RobotoSlab-TLF/m/n' aliased to
(Font)              `T1/RobotoSlab-TLF/regular/n' on input line 67.
LaTeX Font Info:    Font shape `T1/RobotoSlab-TLF/b/n' aliased to
(Font)              `T1/RobotoSlab-TLF/bold/n' on input line 67.
LaTeX Font Info:    Font shape `T1/lato-TLF/m/n' will be
(Font)              scaled to size 14.4pt on input line 67.
LaTeX Font Info:    Font shape `T1/lato-TLF/b/n' will be
(Font)              scaled to size 14.4pt on input line 67.
LaTeX Font Info:    Font shape `T1/lato-TLF/m/n' will be
(Font)              scaled to size 9.0pt on input line 67.
LaTeX Font Info:    Font shape `T1/lato-TLF/b/n' will be
(Font)              scaled to size 9.0pt on input line 67.
LaTeX Font Info:    Trying to load font information for U+fontawesomefree0 on input line 67.
 (/usr/share/texlive/texmf-dist/tex/latex/fontawesome5/ufontawesomefree0.fd)
LaTeX Font Info:    Trying to load font information for U+fontawesomefree2 on input line 67.
 (/usr/share/texlive/texmf-dist/tex/latex/fontawesome5/ufontawesomefree2.fd)
LaTeX Font Info:    Trying to load font information for U+fontawesomebrands0 on input line 67.
 (/usr/share/texlive/texmf-dist/tex/latex/fontawesome5/ufontawesomebrands0.fd)
LaTeX Font Info:    Font shape `U/fontawesomebrands0/solid/n' in size <9> not available
(Font)              Font shape `U/fontawesomebrands0/regular/n' tried instead on input line 67.

Overfull \hbox (50.33434pt too wide) in paragraph at lines 67--67
[]  $[]$  $[]$  
 []

LaTeX Font Info:    Font shape `T1/lato-TLF/m/n' will be
(Font)              scaled to size 17.28pt on input line 71.
LaTeX Font Info:    Font shape `T1/RobotoSlab-TLF/m/n' aliased to
(Font)              `T1/RobotoSlab-TLF/regular/n' on input line 71.
LaTeX Font Info:    Font shape `T1/RobotoSlab-TLF/b/n' aliased to
(Font)              `T1/RobotoSlab-TLF/bold/n' on input line 71.
LaTeX Font Info:    Font shape `T1/lato-TLF/b/n' will be
(Font)              scaled to size 10.0pt on input line 73.
LaTeX Font Info:    Font shape `T1/lato-TLF/m/it' will be
(Font)              scaled to size 10.0pt on input line 73.

Overfull \hbox (1.59999pt too wide) in paragraph at lines 82--82
[]|[]| 
 []


Overfull \hbox (1.59999pt too wide) in paragraph at lines 86--86
[]|[]| 
 []


Overfull \hbox (1.59999pt too wide) in paragraph at lines 90--90
[]|[]| 
 []


Overfull \hbox (1.59999pt too wide) in paragraph at lines 95--95
[]|[]| 
 []


Overfull \hbox (0.99904pt too wide) in paragraph at lines 98--104
[][] [] 
 []


Overfull \hbox (5.11404pt too wide) in paragraph at lines 98--104
[] [] [] 
 []


Overfull \hbox (1.59999pt too wide) in paragraph at lines 106--106
[]|[]| 
 []


Overfull \hbox (1.59999pt too wide) in paragraph at lines 108--108
[]|[]| 
 []

(/usr/share/texlive/texmf-dist/tex/latex/fontawesome5/ufontawesomefree3.fd)
Overfull \hbox (1.59999pt too wide) in paragraph at lines 110--110
[]|[]| 
 []

LaTeX Font Info:    Font shape `T1/lato-TLF/m/n' will be
(Font)              scaled to size 12.0pt on input line 117.
LaTeX Font Info:    Trying to load font information for TS1+lato-TLF on input line 119.
(/usr/share/texlive/texmf-dist/tex/latex/lato/TS1lato-TLF.fd
File: TS1lato-TLF.fd 2019/06/24 Font definitions for TS1/lato-TLF.
)
LaTeX Font Info:    Font shape `TS1/lato-TLF/m/n' will be
(Font)              scaled to size 9.0pt on input line 119.

Overfull \hbox (1.59999pt too wide) in paragraph at lines 142--142
[]|[]| 
 []


Overfull \hbox (1.59999pt too wide) in paragraph at lines 149--149
[]|[]| 
 []

[1

{/var/lib/texmf/fonts/map/pdftex/updmap/pdftex.map}{/usr/share/texlive/texmf-dist/fonts/enc/dvips/roboto/rbto_j2bk2t.enc}{/usr/share/texlive/texmf-dist/fonts/enc/dvips/lato/a_cl4kdn.enc}{/usr/share/texlive/texmf-dist/fonts/enc/dvips/fontawesome5/fa5free0.enc}{/usr/share/texlive/texmf-dist/fonts/enc/dvips/fontawesome5/fa5free2.enc}{/usr/share/texlive/texmf-dist/fonts/enc/dvips/fontawesome5/fa5brands0.enc}{/usr/share/texlive/texmf-dist/fonts/enc/dvips/fontawesome5/fa5free3.enc}{/usr/share/texlive/texmf-dist/fonts/enc/dvips/lato/a_rt66h3.enc} <./anonymous.png>] (./French.aux)
 ***********
LaTeX2e <2023-11-01> patch level 1
L3 programming layer <2024-01-22>
 ***********


LaTeX Font Warning: Some font shapes were not available, defaults substituted.

Package rerunfilecheck Info: File `French.out' has not changed.
(rerunfilecheck)             Checksum: D41D8CD98F00B204E9800998ECF8427E;0.
 ) 
Here is how much of TeX's memory you used:
 35319 strings out of 474222
 730258 string characters out of 5748732
 1971975 words of memory out of 5000000
 56917 multiletter control sequences out of 15000+600000
 808771 words of font info for 90 fonts, out of 8000000 for 9000
 1141 hyphenation exceptions out of 8191
 103i,11n,106p,489b,929s stack positions out of 10000i,1000n,20000p,200000b,200000s
</usr/share/texlive/texmf-dist/fonts/type1/public/fontawesome5/FontAwesome5Brands-Regular.pfb></usr/share/texlive/texmf-dist/fonts/type1/public/fontawesome5/FontAwesome5Free-Solid.pfb></usr/share/texlive/texmf-dist/fonts/type1/typoland/lato/Lato-Bold.pfb></usr/share/texlive/texmf-dist/fonts/type1/typoland/lato/Lato-Italic.pfb></usr/share/texlive/texmf-dist/fonts/type1/typoland/lato/Lato-Regular.pfb></usr/share/texlive/texmf-dist/fonts/type1/google/roboto/RobotoSlab-Bold.pfb>
Output written on French.pdf (1 page, 178083 bytes).
PDF statistics:
 76 PDF objects out of 1000 (max. 8388607)
 50 compressed objects within 1 object stream
 2 named destinations out of 1000 (max. 500000)
 38 words of extra memory for PDF output out of 10000 (max. 10000000)

