\BOOKMARK [0][-]{chapter*.1}{\376\377\000R\000e\000m\000e\000r\000c\000i\000e\000m\000e\000n\000t}{}% 1
\BOOKMARK [0][-]{chapter*.2}{\376\377\000D\000\351\000d\000i\000c\000a\000c\000e}{}% 2
\BOOKMARK [0][-]{chapter*.3}{\376\377\000T\000a\000b\000l\000e\000\040\000d\000e\000s\000\040\000m\000a\000t\000i\000\350\000r\000e\000s}{}% 3
\BOOKMARK [0][-]{chapter*.4}{\376\377\000L\000i\000s\000t\000e\000\040\000d\000e\000s\000\040\000f\000i\000g\000u\000r\000e\000s}{}% 4
\BOOKMARK [0][-]{chapter*.5}{\376\377\000L\000i\000s\000t\000e\000\040\000d\000e\000s\000\040\000t\000a\000b\000l\000e\000a\000u\000x}{}% 5
\BOOKMARK [0][-]{chapter.1}{\376\377\000F\000I\000R\000S\000T\000\040\000T\000E\000S\000T\000\040}{}% 6
\BOOKMARK [1][-]{section.1.1}{\376\377\000I\000n\000t\000r\000o\000d\000u\000c\000t\000i\000o\000n}{chapter.1}% 7
\BOOKMARK [1][-]{section.1.2}{\376\377\000M\000e\000t\000h\000o\000d\000o\000l\000o\000g\000i\000e\000s}{chapter.1}% 8
\BOOKMARK [2][-]{subsection.1.2.1}{\376\377\000S\000a\000m\000p\000l\000e\000\040\000S\000i\000t\000e\000s\000\040\000\046\000\040\000P\000r\000o\000c\000e\000s\000s\000i\000n\000g}{section.1.2}% 9
\BOOKMARK [2][-]{subsection.1.2.2}{\376\377\000S\000p\000e\000c\000i\000e\000s\000\040\000I\000d\000e\000n\000t\000i\000f\000i\000c\000a\000t\000i\000o\000n}{section.1.2}% 10
\BOOKMARK [2][-]{subsection.1.2.3}{\376\377\000D\000a\000t\000a\000\040\000A\000n\000a\000l\000y\000s\000i\000s}{section.1.2}% 11
\BOOKMARK [3][-]{subsubsection*.6}{\376\377\000d\000s\000s\000s\000\040}{subsection.1.2.3}% 12
\BOOKMARK [3][-]{subsubsection*.7}{\376\377\000d\000s\000s\000s\000\040}{subsection.1.2.3}% 13
\BOOKMARK [1][-]{section.1.3}{\376\377\000R\000e\000s\000u\000l\000t\000s}{chapter.1}% 14
\BOOKMARK [2][-]{subsection.1.3.1}{\376\377\000L\000i\000n\000k\000s}{section.1.3}% 15
\BOOKMARK [1][-]{section.1.4}{\376\377\000D\000i\000s\000c\000u\000s\000s\000i\000o\000n}{chapter.1}% 16
\BOOKMARK [2][-]{subsection.1.4.1}{\376\377\000S\000u\000b\000s\000e\000c\000t\000i\000o\000n\000\040\000O\000n\000e}{section.1.4}% 17
\BOOKMARK [2][-]{subsection.1.4.2}{\376\377\000S\000u\000b\000s\000e\000c\000t\000i\000o\000n\000\040\000T\000w\000o}{section.1.4}% 18
\BOOKMARK [3][-]{subsubsection*.12}{\376\377\000S\000u\000b\000s\000u\000b\000s\000e\000c\000t\000i\000o\000n\000\040\000E\000x\000a\000m\000p\000l\000e}{subsection.1.4.2}% 19
\BOOKMARK [0][-]{chapter.2}{\376\377\000\040\000C\000H\000A\000P\000I\000T\000R\000E\000\040\000T\000E\000S\000T\000\040}{}% 20
\BOOKMARK [1][-]{section.2.1}{\376\377\000I\000n\000t\000r\000o\000d\000u\000c\000t\000i\000o\000n}{chapter.2}% 21
\BOOKMARK [1][-]{section.2.2}{\376\377\000M\000e\000t\000h\000o\000d\000o\000l\000o\000g\000i\000e\000s}{chapter.2}% 22
\BOOKMARK [2][-]{subsection.2.2.1}{\376\377\000S\000a\000m\000p\000l\000e\000\040\000S\000i\000t\000e\000s\000\040\000\046\000\040\000P\000r\000o\000c\000e\000s\000s\000i\000n\000g}{section.2.2}% 23
\BOOKMARK [2][-]{subsection.2.2.2}{\376\377\000S\000p\000e\000c\000i\000e\000s\000\040\000I\000d\000e\000n\000t\000i\000f\000i\000c\000a\000t\000i\000o\000n}{section.2.2}% 24
\BOOKMARK [2][-]{subsection.2.2.3}{\376\377\000D\000a\000t\000a\000\040\000A\000n\000a\000l\000y\000s\000i\000s}{section.2.2}% 25
\BOOKMARK [1][-]{section.2.3}{\376\377\000R\000e\000s\000u\000l\000t\000s}{chapter.2}% 26
\BOOKMARK [2][-]{subsection.2.3.1}{\376\377\000L\000i\000n\000k\000s}{section.2.3}% 27
\BOOKMARK [1][-]{section.2.4}{\376\377\000D\000i\000s\000c\000u\000s\000s\000i\000o\000n}{chapter.2}% 28
\BOOKMARK [2][-]{subsection.2.4.1}{\376\377\000S\000u\000b\000s\000e\000c\000t\000i\000o\000n\000\040\000O\000n\000e}{section.2.4}% 29
\BOOKMARK [2][-]{subsection.2.4.2}{\376\377\000S\000u\000b\000s\000e\000c\000t\000i\000o\000n\000\040\000T\000w\000o}{section.2.4}% 30
\BOOKMARK [3][-]{subsubsection*.17}{\376\377\000S\000u\000b\000s\000u\000b\000s\000e\000c\000t\000i\000o\000n\000\040\000E\000x\000a\000m\000p\000l\000e}{subsection.2.4.2}% 31
\BOOKMARK [2][-]{subsection.2.4.3}{\376\377\000C\000i\000t\000a\000t\000i\000o\000n\000s\000\040}{section.2.4}% 32
\BOOKMARK [0][-]{chapter.3}{\376\377\000F\000I\000R\000S\000T\000\040\000T\000E\000S\000T\000\040}{}% 33
\BOOKMARK [1][-]{section.3.1}{\376\377\000I\000n\000t\000r\000o\000d\000u\000c\000t\000i\000o\000n}{chapter.3}% 34
\BOOKMARK [1][-]{section.3.2}{\376\377\000M\000e\000t\000h\000o\000d\000o\000l\000o\000g\000i\000e\000s}{chapter.3}% 35
\BOOKMARK [2][-]{subsection.3.2.1}{\376\377\000S\000a\000m\000p\000l\000e\000\040\000S\000i\000t\000e\000s\000\040\000\046\000\040\000P\000r\000o\000c\000e\000s\000s\000i\000n\000g}{section.3.2}% 36
\BOOKMARK [2][-]{subsection.3.2.2}{\376\377\000S\000p\000e\000c\000i\000e\000s\000\040\000I\000d\000e\000n\000t\000i\000f\000i\000c\000a\000t\000i\000o\000n}{section.3.2}% 37
\BOOKMARK [2][-]{subsection.3.2.3}{\376\377\000D\000a\000t\000a\000\040\000A\000n\000a\000l\000y\000s\000i\000s}{section.3.2}% 38
\BOOKMARK [3][-]{subsubsection*.18}{\376\377\000d\000s\000s\000s\000\040}{subsection.3.2.3}% 39
\BOOKMARK [3][-]{subsubsection*.19}{\376\377\000d\000s\000s\000s\000\040}{subsection.3.2.3}% 40
\BOOKMARK [1][-]{section.3.3}{\376\377\000R\000e\000s\000u\000l\000t\000s}{chapter.3}% 41
\BOOKMARK [2][-]{subsection.3.3.1}{\376\377\000L\000i\000n\000k\000s}{section.3.3}% 42
\BOOKMARK [1][-]{section.3.4}{\376\377\000D\000i\000s\000c\000u\000s\000s\000i\000o\000n}{chapter.3}% 43
\BOOKMARK [2][-]{subsection.3.4.1}{\376\377\000S\000u\000b\000s\000e\000c\000t\000i\000o\000n\000\040\000O\000n\000e}{section.3.4}% 44
\BOOKMARK [2][-]{subsection.3.4.2}{\376\377\000S\000u\000b\000s\000e\000c\000t\000i\000o\000n\000\040\000T\000w\000o}{section.3.4}% 45
\BOOKMARK [3][-]{subsubsection*.24}{\376\377\000S\000u\000b\000s\000u\000b\000s\000e\000c\000t\000i\000o\000n\000\040\000E\000x\000a\000m\000p\000l\000e}{subsection.3.4.2}% 46
\BOOKMARK [0][-]{chapter.4}{\376\377\000\040\000C\000H\000A\000P\000I\000T\000R\000E\000\040\000T\000E\000S\000T\000\040}{}% 47
\BOOKMARK [1][-]{section.4.1}{\376\377\000I\000n\000t\000r\000o\000d\000u\000c\000t\000i\000o\000n}{chapter.4}% 48
\BOOKMARK [1][-]{section.4.2}{\376\377\000M\000e\000t\000h\000o\000d\000o\000l\000o\000g\000i\000e\000s}{chapter.4}% 49
\BOOKMARK [2][-]{subsection.4.2.1}{\376\377\000S\000a\000m\000p\000l\000e\000\040\000S\000i\000t\000e\000s\000\040\000\046\000\040\000P\000r\000o\000c\000e\000s\000s\000i\000n\000g}{section.4.2}% 50
\BOOKMARK [2][-]{subsection.4.2.2}{\376\377\000S\000p\000e\000c\000i\000e\000s\000\040\000I\000d\000e\000n\000t\000i\000f\000i\000c\000a\000t\000i\000o\000n}{section.4.2}% 51
\BOOKMARK [2][-]{subsection.4.2.3}{\376\377\000D\000a\000t\000a\000\040\000A\000n\000a\000l\000y\000s\000i\000s}{section.4.2}% 52
\BOOKMARK [1][-]{section.4.3}{\376\377\000R\000e\000s\000u\000l\000t\000s}{chapter.4}% 53
\BOOKMARK [2][-]{subsection.4.3.1}{\376\377\000L\000i\000n\000k\000s}{section.4.3}% 54
\BOOKMARK [1][-]{section.4.4}{\376\377\000D\000i\000s\000c\000u\000s\000s\000i\000o\000n}{chapter.4}% 55
\BOOKMARK [2][-]{subsection.4.4.1}{\376\377\000S\000u\000b\000s\000e\000c\000t\000i\000o\000n\000\040\000O\000n\000e}{section.4.4}% 56
\BOOKMARK [2][-]{subsection.4.4.2}{\376\377\000S\000u\000b\000s\000e\000c\000t\000i\000o\000n\000\040\000T\000w\000o}{section.4.4}% 57
\BOOKMARK [3][-]{subsubsection*.29}{\376\377\000S\000u\000b\000s\000u\000b\000s\000e\000c\000t\000i\000o\000n\000\040\000E\000x\000a\000m\000p\000l\000e}{subsection.4.4.2}% 58
\BOOKMARK [2][-]{subsection.4.4.3}{\376\377\000C\000i\000t\000a\000t\000i\000o\000n\000s\000\040}{section.4.4}% 59
