\BOOKMARK [1][-]{section*.1}{\376\377\000\300\000\040\000P\000R\000O\000P\000O\000S}{}% 1
\BOOKMARK [1][-]{section*.2}{\376\377\000F\000O\000R\000M\000A\000T\000I\000O\000N}{}% 2
\BOOKMARK [2][-]{subsection*.3}{\376\377\000I\000n\000s\000t\000i\000t\000u\000t\000\040\000N\000a\000t\000i\000o\000n\000a\000l\000\040\000d\000e\000\040\000S\000t\000a\000t\000i\000s\000t\000i\000q\000u\000e\000\040\000e\000t\000\040\000d\000'\000\311\000c\000o\000n\000o\000m\000i\000e\000\040\000A\000p\000p\000l\000i\000q\000u\000\351\000e\000\040\000R\000a\000b\000a\000t\000,\000\040\000M\000a\000r\000o\000c}{section*.2}% 3
\BOOKMARK [3][-]{subsubsection*.4}{\376\377\000I\000n\000g\000\351\000n\000i\000e\000u\000r\000\040\000e\000n\000\040\000A\000c\000t\000u\000a\000r\000i\000a\000t\000\040\000e\000t\000\040\000F\000i\000n\000a\000n\000c\000e\000\040\000Q\000u\000a\000n\000t\000i\000t\000a\000t\000i\000v\000e\000\040\000t\000o\000.\0004\0004\000e\000m\000.\000O\000c\000t\000o\000b\000r\000e\000\040\0002\0000\0002\0001\000\040\000-\000\040\000J\000u\000i\000l\000l\000e\000t\000\040\0002\0000\0002\0004}{subsection*.3}% 4
\BOOKMARK [2][-]{subsection*.5}{\376\377\000C\000l\000a\000s\000s\000e\000s\000\040\000P\000r\000\351\000p\000a\000r\000a\000t\000o\000i\000r\000e\000s\000\040\000a\000u\000x\000\040\000G\000r\000a\000n\000d\000e\000s\000\040\000\311\000c\000o\000l\000e\000s\000\040\000S\000a\000l\000\351\000,\000\040\000M\000a\000r\000o\000c}{section*.2}% 5
\BOOKMARK [3][-]{subsubsection*.6}{\376\377\000M\000a\000t\000h\000\351\000m\000a\000t\000i\000q\000u\000e\000s\000\040\000e\000t\000\040\000P\000h\000y\000s\000i\000q\000u\000e\000\040\000t\000o\000.\0004\0004\000e\000m\000.\000S\000e\000p\000t\000e\000m\000b\000r\000e\000\040\0002\0000\0001\0009\000\040\000-\000\040\000J\000u\000i\000l\000l\000e\000t\000\040\0002\0000\0002\0001}{subsection*.5}% 6
\BOOKMARK [1][-]{section*.7}{\376\377\000E\000x\000p\000\351\000r\000i\000e\000n\000c\000e}{}% 7
\BOOKMARK [2][-]{subsection*.8}{\376\377\000L\000a\000\040\000M\000a\000r\000o\000c\000a\000i\000n\000e\000\040\000V\000i\000e\000\040\000C\000a\000s\000a\000b\000l\000a\000n\000c\000a\000,\000\040\000M\000a\000r\000o\000c}{section*.7}% 8
\BOOKMARK [3][-]{subsubsection*.9}{\376\377\000S\000t\000a\000g\000i\000a\000i\000r\000e\000\040\000A\000c\000t\000u\000a\000i\000r\000e\000\040\000t\000o\000.\0004\0004\000e\000m\000.\000F\000\351\000v\000r\000i\000e\000r\000\040\0002\0000\0002\0004\000\040\000J\000u\000i\000l\000l\000e\000t\000\040\0002\0000\0002\0004}{subsection*.8}% 9
\BOOKMARK [2][-]{subsection*.10}{\376\377\000F\000i\000n\000a\000n\000c\000i\000a\000l\000\040\000R\000i\000s\000k\000\040\000S\000o\000l\000u\000t\000i\000o\000n\000\040\000C\000a\000s\000a\000b\000l\000a\000n\000c\000a\000,\000\040\000M\000a\000r\000o\000c}{section*.7}% 10
\BOOKMARK [3][-]{subsubsection*.11}{\376\377\000S\000t\000a\000g\000i\000a\000i\000r\000e\000\040\000r\000i\000s\000k\000\040\000m\000a\000n\000a\000g\000e\000r\000\040\000t\000o\000.\0004\0004\000e\000m\000.\000J\000u\000i\000l\000l\000e\000t\000\040\0002\0000\0002\0003\000\040\000-\000\040\000A\000o\000\373\000t\000\040\0002\0000\0002\0003}{subsection*.10}% 11
\BOOKMARK [1][-]{section*.12}{\376\377\000P\000r\000o\000j\000e\000t\000s}{}% 12
\BOOKMARK [2][-]{subsubsection*.13}{\376\377\000B\000a\000c\000k\000-\000T\000e\000s\000t\000i\000n\000g\000\040\000d\000e\000s\000\040\000s\000t\000r\000a\000t\000\351\000g\000i\000e\000s\000\040\000d\000e\000\040\000t\000r\000a\000d\000i\000n\000g\000\040\000t\000o\000.\0004\0004\000e\000m\000.\000N\000o\000v\000e\000m\000b\000r\000e\000\040\0002\0000\0002\0004}{section*.12}% 13
\BOOKMARK [3][-]{subsubsection*.14}{\376\377\000B\000i\000b\000l\000i\000o\000t\000h\000\350\000q\000u\000e\000\040\000P\000y\000t\000h\000o\000n\000\040\000p\000o\000u\000r\000\040\000l\000a\000\040\000S\000i\000m\000u\000l\000a\000t\000i\000o\000n\000\040\000S\000t\000o\000c\000h\000a\000s\000t\000i\000q\000u\000e\000\040\000e\000t\000\040\000l\000'\000I\000n\000f\000\351\000r\000e\000n\000c\000e\000\040\000S\000t\000a\000t\000i\000s\000t\000i\000q\000u\000e\000t\000o\000.\0004\0004\000e\000m\000.\000J\000u\000i\000l\000l\000e\000t\000\040\0002\0000\0002\0004}{subsubsection*.13}% 14
\BOOKMARK [3][-]{subsubsection*.15}{\376\377\000V\000a\000l\000o\000r\000i\000s\000a\000t\000i\000o\000n\000\040\000d\000e\000s\000\040\000o\000p\000t\000i\000o\000n\000s\000\040\000a\000s\000i\000a\000t\000i\000q\000u\000e\000s\000t\000o\000.\0004\0004\000e\000m\000.\000A\000v\000r\000i\000l\000\040\0002\0000\0002\0004}{subsubsection*.13}% 15
\BOOKMARK [1][-]{section*.16}{\376\377\000C\000o\000m\000p\000\351\000t\000e\000n\000c\000e\000s}{}% 16
\BOOKMARK [2][-]{subsection*.17}{\376\377\000L\000a\000n\000g\000u\000e\000s}{section*.16}% 17
\BOOKMARK [2][-]{subsection*.18}{\376\377\000C\000o\000m\000p\000\351\000t\000e\000n\000c\000e\000s\000\040\000T\000e\000c\000h\000n\000i\000q\000u\000e\000s}{section*.16}% 18
\BOOKMARK [2][-]{subsection*.19}{\376\377\000C\000o\000m\000p\000\351\000t\000e\000n\000c\000e\000s\000\040\000I\000n\000t\000e\000r\000p\000e\000r\000s\000o\000n\000n\000e\000l\000l\000e\000s}{section*.16}% 19
\BOOKMARK [1][-]{section*.20}{\376\377\000A\000B\000O\000U\000T\000\040\000M\000E}{}% 20
\BOOKMARK [1][-]{section*.21}{\376\377\000E\000X\000P\000E\000R\000I\000E\000N\000C\000E}{}% 21
\BOOKMARK [2][-]{subsection*.22}{\376\377\000A\000t\000l\000a\000n\000t\000a\000S\000a\000n\000a\000d\000\040\000I\000n\000s\000u\000r\000a\000n\000c\000e\000\040\000C\000a\000s\000a\000b\000l\000a\000n\000c\000a\000,\000\040\000M\000o\000r\000o\000c\000c\000o}{section*.21}% 22
\BOOKMARK [3][-]{subsubsection*.23}{\376\377\000N\000o\000-\000L\000i\000f\000e\000\040\000A\000c\000t\000u\000a\000r\000y\000\040\000t\000o\000.\0004\0004\000e\000m\000.\000J\000a\000n\000u\000a\000r\000y\000\040\0002\0000\0002\0005\000\040\040\023\000\040\000N\000o\000w}{subsection*.22}% 23
\BOOKMARK [2][-]{subsection*.24}{\376\377\000L\000a\000\040\000M\000a\000r\000o\000c\000a\000i\000n\000e\000\040\000V\000i\000e\000\040\000C\000a\000s\000a\000b\000l\000a\000n\000c\000a\000,\000\040\000M\000o\000r\000o\000c\000c\000o}{section*.21}% 24
\BOOKMARK [3][-]{subsubsection*.25}{\376\377\000L\000i\000f\000e\000\040\000A\000c\000t\000u\000a\000r\000y\000\040\000I\000n\000t\000e\000r\000n\000\040\000t\000o\000.\0004\0004\000e\000m\000.\000F\000e\000b\000r\000u\000a\000r\000y\000\040\0002\0000\0002\0004\000\040\040\023\000\040\000J\000u\000l\000y\000\040\0002\0000\0002\0004}{subsection*.24}% 25
\BOOKMARK [2][-]{subsection*.26}{\376\377\000F\000i\000n\000a\000n\000c\000i\000a\000l\000\040\000R\000i\000s\000k\000\040\000S\000o\000l\000u\000t\000i\000o\000n\000\040\000C\000a\000s\000a\000b\000l\000a\000n\000c\000a\000,\000\040\000M\000o\000r\000o\000c\000c\000o}{section*.21}% 26
\BOOKMARK [3][-]{subsubsection*.27}{\376\377\000R\000i\000s\000k\000\040\000M\000a\000n\000a\000g\000e\000m\000e\000n\000t\000\040\000I\000n\000t\000e\000r\000n\000\040\000t\000o\000.\0004\0004\000e\000m\000.\000J\000u\000l\000y\000\040\0002\0000\0002\0003\000\040\040\023\000\040\000A\000u\000g\000u\000s\000t\000\040\0002\0000\0002\0003}{subsection*.26}% 27
\BOOKMARK [1][-]{section*.28}{\376\377\000P\000R\000O\000J\000E\000C\000T\000S}{}% 28
\BOOKMARK [2][-]{subsubsection*.29}{\376\377\000B\000a\000c\000k\000t\000e\000s\000t\000i\000n\000g\000\040\000T\000r\000a\000d\000i\000n\000g\000\040\000S\000t\000r\000a\000t\000e\000g\000i\000e\000s\000\040\000t\000o\000.\0004\0004\000e\000m\000.\000N\000o\000v\000e\000m\000b\000e\000r\000\040\0002\0000\0002\0004}{section*.28}% 29
\BOOKMARK [3][-]{subsubsection*.30}{\376\377\000P\000y\000t\000h\000o\000n\000\040\000L\000i\000b\000r\000a\000r\000y\000\040\000f\000o\000r\000\040\000S\000t\000o\000c\000h\000a\000s\000t\000i\000c\000\040\000S\000i\000m\000u\000l\000a\000t\000i\000o\000n\000\040\000a\000n\000d\000\040\000S\000t\000a\000t\000i\000s\000t\000i\000c\000a\000l\000\040\000I\000n\000f\000e\000r\000e\000n\000c\000e\000\040\000t\000o\000.\0004\0004\000e\000m\000.\000J\000u\000l\000y\000\040\0002\0000\0002\0004}{subsubsection*.29}% 30
\BOOKMARK [3][-]{subsubsection*.31}{\376\377\000V\000a\000l\000u\000a\000t\000i\000o\000n\000\040\000o\000f\000\040\000A\000s\000i\000a\000n\000\040\000O\000p\000t\000i\000o\000n\000s\000\040\000t\000o\000.\0004\0004\000e\000m\000.\000A\000p\000r\000i\000l\000\040\0002\0000\0002\0004}{subsubsection*.29}% 31
\BOOKMARK [1][-]{section*.32}{\376\377\000E\000D\000U\000C\000A\000T\000I\000O\000N}{}% 32
\BOOKMARK [2][-]{subsection*.33}{\376\377\000N\000a\000t\000i\000o\000n\000a\000l\000\040\000I\000n\000s\000t\000i\000t\000u\000t\000e\000\040\000o\000f\000\040\000S\000t\000a\000t\000i\000s\000t\000i\000c\000s\000\040\000a\000n\000d\000\040\000A\000p\000p\000l\000i\000e\000d\000\040\000E\000c\000o\000n\000o\000m\000i\000c\000s\000\040\000\050\000I\000N\000S\000E\000A\000\051\000\040\000R\000a\000b\000a\000t\000,\000\040\000M\000o\000r\000o\000c\000c\000o}{section*.32}% 33
\BOOKMARK [3][-]{subsubsection*.34}{\376\377\000A\000c\000t\000u\000a\000r\000i\000a\000l\000\040\000a\000n\000d\000\040\000Q\000u\000a\000n\000t\000i\000t\000a\000t\000i\000v\000e\000\040\000F\000i\000n\000a\000n\000c\000e\000\040\000E\000n\000g\000i\000n\000e\000e\000r\000\040\000t\000o\000.\0004\0004\000e\000m\000.\000O\000c\000t\000o\000b\000e\000r\000\040\0002\0000\0002\0001\000\040\040\023\000\040\000J\000u\000l\000y\000\040\0002\0000\0002\0004}{subsection*.33}% 34
\BOOKMARK [2][-]{subsection*.35}{\376\377\000P\000r\000e\000p\000a\000r\000a\000t\000o\000r\000y\000\040\000C\000l\000a\000s\000s\000e\000s\000\040\000f\000o\000r\000\040\000G\000r\000a\000n\000d\000e\000s\000\040\000\311\000c\000o\000l\000e\000s\000\040\000S\000a\000l\000\351\000,\000\040\000M\000o\000r\000o\000c\000c\000o}{section*.32}% 35
\BOOKMARK [3][-]{subsubsection*.36}{\376\377\000M\000a\000t\000h\000e\000m\000a\000t\000i\000c\000s\000\040\000a\000n\000d\000\040\000P\000h\000y\000s\000i\000c\000s\000\040\000t\000o\000.\0004\0004\000e\000m\000.\000S\000e\000p\000t\000e\000m\000b\000e\000r\000\040\0002\0000\0001\0009\000\040\040\023\000\040\000J\000u\000l\000y\000\040\0002\0000\0002\0001}{subsection*.35}% 36
\BOOKMARK [1][-]{section*.37}{\376\377\000S\000K\000I\000L\000L\000S}{}% 37
\BOOKMARK [2][-]{subsection*.38}{\376\377\000L\000a\000n\000g\000u\000a\000g\000e\000s}{section*.37}% 38
\BOOKMARK [2][-]{subsection*.39}{\376\377\000T\000e\000c\000h\000n\000i\000c\000a\000l\000\040\000S\000k\000i\000l\000l\000s}{section*.37}% 39
\BOOKMARK [2][-]{subsection*.40}{\376\377\000I\000n\000t\000e\000r\000p\000e\000r\000s\000o\000n\000a\000l\000\040\000S\000k\000i\000l\000l\000s}{section*.37}% 40
