\BOOKMARK [0][-]{chapter.1}{\376\377\000F\000I\000R\000S\000T\000\040\000T\000E\000S\000T\000\040}{}% 1
\BOOKMARK [1][-]{section.1.1}{\376\377\000I\000n\000t\000r\000o\000d\000u\000c\000t\000i\000o\000n}{chapter.1}% 2
\BOOKMARK [1][-]{section.1.2}{\376\377\000M\000e\000t\000h\000o\000d\000o\000l\000o\000g\000i\000e\000s}{chapter.1}% 3
\BOOKMARK [2][-]{subsection.1.2.1}{\376\377\000S\000a\000m\000p\000l\000e\000\040\000S\000i\000t\000e\000s\000\040\000\046\000\040\000P\000r\000o\000c\000e\000s\000s\000i\000n\000g}{section.1.2}% 4
\BOOKMARK [2][-]{subsection.1.2.2}{\376\377\000S\000p\000e\000c\000i\000e\000s\000\040\000I\000d\000e\000n\000t\000i\000f\000i\000c\000a\000t\000i\000o\000n}{section.1.2}% 5
\BOOKMARK [2][-]{subsection.1.2.3}{\376\377\000D\000a\000t\000a\000\040\000A\000n\000a\000l\000y\000s\000i\000s}{section.1.2}% 6
\BOOKMARK [3][-]{subsubsection*.1}{\376\377\000d\000s\000s\000s\000\040}{subsection.1.2.3}% 7
\BOOKMARK [3][-]{subsubsection*.2}{\376\377\000d\000s\000s\000s\000\040}{subsection.1.2.3}% 8
\BOOKMARK [1][-]{section.1.3}{\376\377\000R\000e\000s\000u\000l\000t\000s}{chapter.1}% 9
\BOOKMARK [2][-]{subsection.1.3.1}{\376\377\000L\000i\000n\000k\000s}{section.1.3}% 10
\BOOKMARK [1][-]{section.1.4}{\376\377\000D\000i\000s\000c\000u\000s\000s\000i\000o\000n}{chapter.1}% 11
\BOOKMARK [2][-]{subsection.1.4.1}{\376\377\000S\000u\000b\000s\000e\000c\000t\000i\000o\000n\000\040\000O\000n\000e}{section.1.4}% 12
\BOOKMARK [2][-]{subsection.1.4.2}{\376\377\000S\000u\000b\000s\000e\000c\000t\000i\000o\000n\000\040\000T\000w\000o}{section.1.4}% 13
\BOOKMARK [3][-]{subsubsection*.7}{\376\377\000S\000u\000b\000s\000u\000b\000s\000e\000c\000t\000i\000o\000n\000\040\000E\000x\000a\000m\000p\000l\000e}{subsection.1.4.2}% 14
\BOOKMARK [0][-]{chapter.2}{\376\377\000\040\000C\000H\000A\000P\000I\000T\000R\000E\000\040\000T\000E\000S\000T\000\040}{}% 15
\BOOKMARK [1][-]{section.2.1}{\376\377\000I\000n\000t\000r\000o\000d\000u\000c\000t\000i\000o\000n}{chapter.2}% 16
\BOOKMARK [1][-]{section.2.2}{\376\377\000M\000e\000t\000h\000o\000d\000o\000l\000o\000g\000i\000e\000s}{chapter.2}% 17
\BOOKMARK [2][-]{subsection.2.2.1}{\376\377\000S\000a\000m\000p\000l\000e\000\040\000S\000i\000t\000e\000s\000\040\000\046\000\040\000P\000r\000o\000c\000e\000s\000s\000i\000n\000g}{section.2.2}% 18
\BOOKMARK [2][-]{subsection.2.2.2}{\376\377\000S\000p\000e\000c\000i\000e\000s\000\040\000I\000d\000e\000n\000t\000i\000f\000i\000c\000a\000t\000i\000o\000n}{section.2.2}% 19
\BOOKMARK [2][-]{subsection.2.2.3}{\376\377\000D\000a\000t\000a\000\040\000A\000n\000a\000l\000y\000s\000i\000s}{section.2.2}% 20
\BOOKMARK [1][-]{section.2.3}{\376\377\000R\000e\000s\000u\000l\000t\000s}{chapter.2}% 21
\BOOKMARK [2][-]{subsection.2.3.1}{\376\377\000L\000i\000n\000k\000s}{section.2.3}% 22
\BOOKMARK [1][-]{section.2.4}{\376\377\000D\000i\000s\000c\000u\000s\000s\000i\000o\000n}{chapter.2}% 23
\BOOKMARK [2][-]{subsection.2.4.1}{\376\377\000S\000u\000b\000s\000e\000c\000t\000i\000o\000n\000\040\000O\000n\000e}{section.2.4}% 24
\BOOKMARK [2][-]{subsection.2.4.2}{\376\377\000S\000u\000b\000s\000e\000c\000t\000i\000o\000n\000\040\000T\000w\000o}{section.2.4}% 25
\BOOKMARK [3][-]{subsubsection*.12}{\376\377\000S\000u\000b\000s\000u\000b\000s\000e\000c\000t\000i\000o\000n\000\040\000E\000x\000a\000m\000p\000l\000e}{subsection.2.4.2}% 26
\BOOKMARK [2][-]{subsection.2.4.3}{\376\377\000C\000i\000t\000a\000t\000i\000o\000n\000s\000\040}{section.2.4}% 27
